  Source.cpp
C:\Users\sebas\OneDrive - University of South Wales\Uni\Graphics\OpenGL Projects\30077548_Graphics_Assignment_2\OpenGL\Source.cpp(12,34): warning C4838: conversion from 'double' to 'unsigned int' requires a narrowing conversion
C:\Users\sebas\OneDrive - University of South Wales\Uni\Graphics\OpenGL Projects\30077548_Graphics_Assignment_2\OpenGL\Source.cpp(12,34): warning C4244: 'initializing': conversion from 'double' to 'unsigned int', possible loss of data
C:\Users\sebas\OneDrive - University of South Wales\Uni\Graphics\OpenGL Projects\30077548_Graphics_Assignment_2\OpenGL\Source.cpp(12,42): warning C4838: conversion from 'double' to 'unsigned int' requires a narrowing conversion
C:\Users\sebas\OneDrive - University of South Wales\Uni\Graphics\OpenGL Projects\30077548_Graphics_Assignment_2\OpenGL\Source.cpp(12,42): warning C4244: 'initializing': conversion from 'double' to 'unsigned int', possible loss of data
C:\Users\sebas\OneDrive - University of South Wales\Uni\Graphics\OpenGL Projects\30077548_Graphics_Assignment_2\OpenGL\Source.cpp(176,33): warning C4305: 'initializing': truncation from 'double' to 'GLfloat'
C:\Users\sebas\OneDrive - University of South Wales\Uni\Graphics\OpenGL Projects\30077548_Graphics_Assignment_2\OpenGL\Source.cpp(176,39): warning C4305: 'initializing': truncation from 'double' to 'GLfloat'
C:\Users\sebas\OneDrive - University of South Wales\Uni\Graphics\OpenGL Projects\30077548_Graphics_Assignment_2\OpenGL\Source.cpp(221,60): warning C4244: '+=': conversion from 'double' to 'float', possible loss of data
C:\Users\sebas\OneDrive - University of South Wales\Uni\Graphics\OpenGL Projects\30077548_Graphics_Assignment_2\OpenGL\Source.cpp(334,36): warning C4244: '+=': conversion from 'double' to 'float', possible loss of data
C:\Users\sebas\OneDrive - University of South Wales\Uni\Graphics\OpenGL Projects\30077548_Graphics_Assignment_2\OpenGL\Source.cpp(432,44): warning C4244: '-=': conversion from 'double' to '_Ty', possible loss of data
C:\Users\sebas\OneDrive - University of South Wales\Uni\Graphics\OpenGL Projects\30077548_Graphics_Assignment_2\OpenGL\Source.cpp(432,44): warning C4244:         with
C:\Users\sebas\OneDrive - University of South Wales\Uni\Graphics\OpenGL Projects\30077548_Graphics_Assignment_2\OpenGL\Source.cpp(432,44): warning C4244:         [
C:\Users\sebas\OneDrive - University of South Wales\Uni\Graphics\OpenGL Projects\30077548_Graphics_Assignment_2\OpenGL\Source.cpp(432,44): warning C4244:             _Ty=float
C:\Users\sebas\OneDrive - University of South Wales\Uni\Graphics\OpenGL Projects\30077548_Graphics_Assignment_2\OpenGL\Source.cpp(432,44): warning C4244:         ]
C:\Users\sebas\OneDrive - University of South Wales\Uni\Graphics\OpenGL Projects\30077548_Graphics_Assignment_2\OpenGL\Source.cpp(436,44): warning C4244: '+=': conversion from 'double' to '_Ty', possible loss of data
C:\Users\sebas\OneDrive - University of South Wales\Uni\Graphics\OpenGL Projects\30077548_Graphics_Assignment_2\OpenGL\Source.cpp(436,44): warning C4244:         with
C:\Users\sebas\OneDrive - University of South Wales\Uni\Graphics\OpenGL Projects\30077548_Graphics_Assignment_2\OpenGL\Source.cpp(436,44): warning C4244:         [
C:\Users\sebas\OneDrive - University of South Wales\Uni\Graphics\OpenGL Projects\30077548_Graphics_Assignment_2\OpenGL\Source.cpp(436,44): warning C4244:             _Ty=float
C:\Users\sebas\OneDrive - University of South Wales\Uni\Graphics\OpenGL Projects\30077548_Graphics_Assignment_2\OpenGL\Source.cpp(436,44): warning C4244:         ]
C:\Users\sebas\OneDrive - University of South Wales\Uni\Graphics\OpenGL Projects\30077548_Graphics_Assignment_2\OpenGL\Source.cpp(440,44): warning C4244: '-=': conversion from 'double' to '_Ty', possible loss of data
C:\Users\sebas\OneDrive - University of South Wales\Uni\Graphics\OpenGL Projects\30077548_Graphics_Assignment_2\OpenGL\Source.cpp(440,44): warning C4244:         with
C:\Users\sebas\OneDrive - University of South Wales\Uni\Graphics\OpenGL Projects\30077548_Graphics_Assignment_2\OpenGL\Source.cpp(440,44): warning C4244:         [
C:\Users\sebas\OneDrive - University of South Wales\Uni\Graphics\OpenGL Projects\30077548_Graphics_Assignment_2\OpenGL\Source.cpp(440,44): warning C4244:             _Ty=float
C:\Users\sebas\OneDrive - University of South Wales\Uni\Graphics\OpenGL Projects\30077548_Graphics_Assignment_2\OpenGL\Source.cpp(440,44): warning C4244:         ]
C:\Users\sebas\OneDrive - University of South Wales\Uni\Graphics\OpenGL Projects\30077548_Graphics_Assignment_2\OpenGL\Source.cpp(444,44): warning C4244: '+=': conversion from 'double' to '_Ty', possible loss of data
C:\Users\sebas\OneDrive - University of South Wales\Uni\Graphics\OpenGL Projects\30077548_Graphics_Assignment_2\OpenGL\Source.cpp(444,44): warning C4244:         with
C:\Users\sebas\OneDrive - University of South Wales\Uni\Graphics\OpenGL Projects\30077548_Graphics_Assignment_2\OpenGL\Source.cpp(444,44): warning C4244:         [
C:\Users\sebas\OneDrive - University of South Wales\Uni\Graphics\OpenGL Projects\30077548_Graphics_Assignment_2\OpenGL\Source.cpp(444,44): warning C4244:             _Ty=float
C:\Users\sebas\OneDrive - University of South Wales\Uni\Graphics\OpenGL Projects\30077548_Graphics_Assignment_2\OpenGL\Source.cpp(444,44): warning C4244:         ]
  OpenGL.vcxproj -> C:\Users\sebas\OneDrive - University of South Wales\Uni\Graphics\OpenGL Projects\30077548_Graphics_Assignment_2\x64\Debug\30077548_CW2.exe
